Base path: '/Applications/Unity/Hub/Editor/2019.4.21f1/Unity.app/Contents', plugins path '/Applications/Unity/Hub/Editor/2019.4.21f1/PlaybackEngines'
Cmd: initializeCompiler
Cmd: compileSnippet
  api=14 type=0 insize=934 outsize=1666 kw= pd=UNITY_NO_DXT5nm UNITY_ENABLE_REFLECTION_BUFFERS UNITY_NO_CUBEMAP_ARRAY UNITY_NO_SCREENSPACE_SHADOWS UNITY_PBS_USE_BRDF2 SHADER_API_DESKTOP UNITY_HARDWARE_TIER3 UNITY_COLORSPACE_GAMMA UNITY_LIGHTMAP_DLDR_ENCODING ok=1
Cmd: initializeCompiler
Cmd: compileComputeKernel
  api=18 insize=18785 outsize=34381 ok=1
Cmd: compileComputeKernel
  api=18 insize=18785 outsize=57258 ok=1
Cmd: compileComputeKernel
  api=14 insize=18785 outsize=9375 ok=1
Cmd: translateComputeKernel
  api=14 insize=9678 outsize=16581 ok=1
Cmd: compileComputeKernel
  api=18 insize=1280 outsize=3060 ok=1
Cmd: compileComputeKernel
  api=18 insize=5194 outsize=15628 ok=1
Cmd: compileComputeKernel
  api=14 insize=5194 outsize=5116 ok=1
Cmd: compileComputeKernel
  api=18 insize=3278 outsize=200276 ok=1
Cmd: compileComputeKernel
  api=14 insize=11230 outsize=11445 ok=1
Cmd: translateComputeKernel
  api=14 insize=10700 outsize=18707 ok=1
Cmd: translateComputeKernel
  api=14 insize=3386 outsize=5942 ok=1
Cmd: compileComputeKernel
  api=14 insize=3348 outsize=2124 ok=1
Cmd: translateComputeKernel
  api=14 insize=2124 outsize=3338 ok=1
Cmd: compileSnippet
  api=14 type=0 insize=934 outsize=4305 kw=PROCEDURAL_INSTANCING_ON pd=UNITY_NO_DXT5nm UNITY_ENABLE_REFLECTION_BUFFERS UNITY_NO_CUBEMAP_ARRAY UNITY_NO_SCREENSPACE_SHADOWS UNITY_PBS_USE_BRDF2 SHADER_API_DESKTOP UNITY_HARDWARE_TIER3 UNITY_COLORSPACE_GAMMA UNITY_LIGHTMAP_DLDR_ENCODING ok=1
