Base path: '/Applications/Unity/Hub/Editor/2019.4.21f1/Unity.app/Contents', plugins path '/Applications/Unity/Hub/Editor/2019.4.21f1/PlaybackEngines'
Cmd: initializeCompiler
Cmd: compileComputeKernel
  api=18 insize=18785 outsize=55838 ok=1
Cmd: compileComputeKernel
  api=14 insize=18785 outsize=11742 ok=1
Cmd: translateComputeKernel
  api=14 insize=9901 outsize=16826 ok=1
Cmd: compileComputeKernel
  api=14 insize=1613 outsize=1199 ok=1
Cmd: compileComputeKernel
  api=9 insize=5194 outsize=7783 ok=1
Cmd: compileComputeKernel
  api=14 insize=5194 outsize=5525 ok=1
Cmd: translateComputeKernel
  api=14 insize=11222 outsize=18591 ok=1
Cmd: compileComputeKernel
  api=14 insize=3278 outsize=48832 ok=1
Cmd: translateComputeKernel
  api=14 insize=48467 outsize=85198 ok=1
Cmd: compileComputeKernel
  api=14 insize=11230 outsize=10544 ok=1
Cmd: compileComputeKernel
  api=14 insize=2174 outsize=1477 ok=1
Cmd: compileComputeKernel
  api=18 insize=3586 outsize=11910 ok=1
Cmd: compileComputeKernel
  api=14 insize=3348 outsize=815 ok=1
Cmd: compileSnippet
  api=14 type=0 insize=1402 outsize=5476 kw=UNITY_PASS_FORWARDBASE PROCEDURAL_INSTANCING_ON _ALPHABLEND_ON pd=UNITY_NO_DXT5nm UNITY_ENABLE_REFLECTION_BUFFERS UNITY_NO_CUBEMAP_ARRAY UNITY_NO_SCREENSPACE_SHADOWS UNITY_PBS_USE_BRDF2 SHADER_API_DESKTOP UNITY_HARDWARE_TIER3 UNITY_COLORSPACE_GAMMA UNITY_LIGHTMAP_DLDR_ENCODING ok=1
