Base path: '/Applications/Unity/Hub/Editor/2019.4.21f1/Unity.app/Contents', plugins path '/Applications/Unity/Hub/Editor/2019.4.21f1/PlaybackEngines'
Cmd: initializeCompiler
Cmd: compileComputeKernel
  api=18 insize=18785 outsize=32675 ok=1
Cmd: compileComputeKernel
  api=14 insize=18785 outsize=9370 ok=1
Cmd: compileComputeKernel
  api=14 insize=18785 outsize=9678 ok=1
Cmd: translateComputeKernel
  api=14 insize=9597 outsize=16417 ok=1
Cmd: compileComputeKernel
  api=14 insize=1280 outsize=1412 ok=1
Cmd: compileComputeKernel
  api=18 insize=5194 outsize=24708 ok=1
Cmd: compileComputeKernel
  api=18 insize=11230 outsize=40696 ok=1
Cmd: translateComputeKernel
  api=14 insize=11289 outsize=22342 ok=1
Cmd: compileComputeKernel
  api=18 insize=2242 outsize=5527 ok=1
Cmd: compileComputeKernel
  api=14 insize=3586 outsize=3386 ok=1
Cmd: compileComputeKernel
  api=18 insize=3348 outsize=1259 ok=1
